<?xml version="1.0" encoding="UTF-8"?>
<testng-results ignored="0" total="1" passed="1" failed="0" skipped="0">
  <reporter-output>
  </reporter-output>
  <suite started-at="2021-09-17T10:01:01 IST" name="Default suite" finished-at="2021-09-17T10:01:22 IST" duration-ms="21124">
    <groups>
    </groups>
    <test started-at="2021-09-17T10:01:01 IST" name="Default test" finished-at="2021-09-17T10:01:22 IST" duration-ms="21124">
      <class name="AAAA_Day3.TC01_Add_Jobs2">
        <test-method signature="JobsTest()[pri:0, instance:AAAA_Day3.TC01_Add_Jobs2@6e0f5f7f]" started-at="2021-09-17T10:01:01 IST" name="JobsTest" finished-at="2021-09-17T10:01:22 IST" duration-ms="21077" status="PASS">
          <reporter-output>
          </reporter-output>
        </test-method> <!-- JobsTest -->
      </class> <!-- AAAA_Day3.TC01_Add_Jobs2 -->
    </test> <!-- Default test -->
  </suite> <!-- Default suite -->
</testng-results>
