<?xml version="1.0" encoding="UTF-8"?>
<testng-results ignored="0" total="1" passed="1" failed="0" skipped="0">
  <reporter-output>
  </reporter-output>
  <suite started-at="2021-10-18T11:06:29Z" name="Default suite" finished-at="2021-10-18T11:06:52Z" duration-ms="23756">
    <groups>
    </groups>
    <test started-at="2021-10-18T11:06:29Z" name="Default test" finished-at="2021-10-18T11:06:52Z" duration-ms="23756">
      <class name="Day_025_ExcelUtil_Apache_POI.TC01_Excel_Test_xls">
        <test-method signature="hello()[pri:0, instance:Day_025_ExcelUtil_Apache_POI.TC01_Excel_Test_xls@1a942c18]" started-at="2021-10-18T11:06:29Z" name="hello" finished-at="2021-10-18T11:06:52Z" duration-ms="23704" status="PASS">
          <reporter-output>
          </reporter-output>
        </test-method> <!-- hello -->
      </class> <!-- Day_025_ExcelUtil_Apache_POI.TC01_Excel_Test_xls -->
    </test> <!-- Default test -->
  </suite> <!-- Default suite -->
</testng-results>
